systemd          6220
kthreadd            0
kworker/0:0H        0
mm_percpu_wq        0
ksoftirqd/0         0
rcu_sched           0
rcu_bh              0
migration/0         0
watchdog/0          0
cpuhp/0             0
kdevtmpfs           0
netns               0
rcu_tasks_kthre     0
kauditd             0
khungtaskd          0
oom_reaper          0
writeback           0
kcompactd0          0
ksmd                0
khugepaged          0
crypto              0
kintegrityd         0
kblockd             0
ata_sff             0
md                  0
edac-poller         0
devfreq_wq          0
watchdogd           0
kswapd0             0
kworker/u3:0        0
ecryptfs-kthrea     0
kthrotld            0
acpi_thermal_pm     0
scsi_eh_0           0
scsi_tmf_0          0
scsi_eh_1           0
scsi_tmf_1          0
ipv6_addrconf       0
kstrp               0
charger_manager     0
kworker/0:1H        0
scsi_eh_2           0
scsi_tmf_2          0
scsi_eh_3           0
scsi_tmf_3          0
scsi_eh_4           0
scsi_tmf_4          0
ttm_swap            0
irq/18-vmwgfx       0
jbd2/sda1-8         0
ext4-rsv-conver     0
systemd-journal  5732
systemd-udevd    4388
rpciod              0
xprtiod             0
iprt-VBoxWQueue     0
jbd2/sdb1-8         0
ext4-rsv-conver     0
jbd2/sdc1-8         0
ext4-rsv-conver     0
rpc.idmapd        200
gpsd             3588
cgmanager        1588
rsyslogd         3288
atd              2312
acpid            1288
dbus-daemon      5276
ofonod           5660
NetworkManager  16124
systemd-logind   3108
cron             2976
avahi-daemon     3560
urfkilld         5560
accounts-daemon  6280
avahi-daemon      328
polkitd          8804
rpcbind          3388
rpc.mountd        896
sshd             5420
lockd               0
nfsd                0
nfsd                0
nfsd                0
nfsd                0
nfsd                0
nfsd                0
nfsd                0
nfsd                0
agetty           1768
dhclient         3668
dnsmasq          4140
lightdm          6104
Xorg            116516
VBoxService      3196
lightdm          6948
bluetoothd       4288
rtkit-daemon     2976
upowerd          9796
colord          12300
master           4468
pickup           4428
qmgr             4480
apache2         26360
nmbd             5972
smbd            15524
smbd             5776
smbd             7372
sshd             7624
systemd          4740
(sd-pam)         2384
sshd             4352
bash             3240
sh               2916
node            79092
node            48604
node            122680
node            41508
apache2          7876
apache2          7876
apache2          7876
apache2          7876
apache2          7876
cupsd            7512
cups-browsed     9452
kworker/0:0         0
kworker/u2:2        0
kworker/0:2         0
node            43360
gnome-keyring-d  6468
upstart          4620
VBoxClient        356
VBoxClient       2184
VBoxClient        356
VBoxClient       2884
VBoxClient        356
VBoxClient       2672
VBoxClient        356
VBoxClient       3532
upstart-udev-br   276
dbus-daemon      4232
window-stack-br  9936
bamfdaemon      27236
at-spi-bus-laun  6124
dbus-daemon      4000
upstart-file-br  1728
upstart-dbus-br   352
upstart-dbus-br   356
gvfsd            6316
at-spi2-registr  6440
gvfsd-fuse       4872
ibus-daemon      6368
ibus-dconf       5488
ibus-ui-gtk3    31292
ibus-x11        23496
ibus-engine-sim  5560
gpg-agent         648
gnome-settings- 38920
gnome-session-b 15084
gnome-screensav 22524
pulseaudio      15200
gconf-helper     4100
gconfd-2         5304
gsd-printer     14204
gnome-shell     278220
gnome-shell-cal 14084
evolution-sourc 23224
goa-daemon      32752
goa-identity-se  6320
mission-control 13164
dconf-service    5220
wpa_supplicant   5020
gvfs-udisks2-vo  7928
udisksd          7852
gvfs-gphoto2-vo  5160
gvfs-mtp-volume  4460
gvfs-goa-volume  5236
gvfs-afc-volume  8676
tracker-miner-a 10468
evolution-alarm 44884
tracker-store   33584
tracker-miner-f 14544
tracker-miner-u 10508
tracker-extract 17840
nautilus        71956
gnome-software  105192
evolution-calen 59824
evolution-calen 49856
evolution-calen 49404
evolution-addre 18240
fwupd           64076
evolution-addre 18260
gvfsd-burn       6308
gvfsd-trash      6408
gvfsd-metadata   5556
gvfsd-network    6692
gvfsd-dnssd      6796
gnome-terminal- 34812
bash             6424
zeitgeist-datah 16060
sh               3000
zeitgeist-daemo  6348
zeitgeist-fts    9648
update-notifier 29544
glib-pacrunner   6684
deja-dup-monito  7260
oneconf-service 32280
sh               2960
apport-gtk      53700
kworker/u2:1        0
sleep             668
ps               1496
